0 info it worked if it ends with ok
1 verbose cli [ 'C:\\Program Files\\nodejs\\node.exe',
1 verbose cli   'C:\\Users\\Gaodig_Dev08\\AppData\\Roaming\\npm\\node_modules\\npm\\bin\\npm-cli.js',
1 verbose cli   'run',
1 verbose cli   'server' ]
2 info using npm@4.0.3
3 info using node@v8.9.4
4 verbose run-script [ 'preserver', 'server', 'postserver' ]
5 info lifecycle reactivity@1.0.0~preserver: reactivity@1.0.0
6 silly lifecycle reactivity@1.0.0~preserver: no script for preserver, continuing
7 info lifecycle reactivity@1.0.0~server: reactivity@1.0.0
8 verbose lifecycle reactivity@1.0.0~server: unsafe-perm in lifecycle true
9 verbose lifecycle reactivity@1.0.0~server: PATH: C:\Users\Gaodig_Dev08\AppData\Roaming\npm\node_modules\npm\bin\node-gyp-bin;G:\workspace\Atom\reactivity\node_modules\.bin;F:\app\Gaodig_Dev08\product\11.2.0\dbhome_1\bin;C:\Python27\;C:\Python27\Scripts;C:\ProgramData\Oracle\Java\javapath;C:\Program Files (x86)\Common Files\NetSarang;C:\WINDOWS\system32;C:\WINDOWS;C:\WINDOWS\System32\Wbem;C:\WINDOWS\System32\WindowsPowerShell\v1.0\;C:\Program Files\Java\jdk1.7.0_67\bin;C:\Program Files\Java\jdk1.7.0_67\jre\bin;F:\cygwin64\bin;F:\cygwin64\usr\sbin;F:\apache-maven-3.3.9\bin;C:\Program Files (x86)\MySQL\MySQL Server 5.5\bin;C:\Program Files\MySQL\MySQL Server 5.5\bin;G:\workspace\node\node-echo\bin;C:\Program Files\Git\cmd;C:\Program Files\Git\bin;C:\Program Files\Git\mingw64\libexec\git-core;F:\phoneGap\android-sdk\tools;F:\phoneGap\android-sdk\platform-tools;C:\Python27;C:\Python27\Scripts;C:\Program Files\nodejs\;C:\ProgramData\chocolatey\bin;C:\Program Files (x86)\GTK2-Runtime\bin;C:\GTK\bin;C:\Program Files (x86)\Windows Kits\8.1\Windows Performance Toolkit\;C:\Users\Gaodig_Dev08\AppData\Local\Yarn\bin;F:\Ruby23\bin;C:\Users\Gaodig_Dev08\AppData\Local\Microsoft\WindowsApps;C:\Users\Gaodig_Dev08\AppData\Local\atom\bin;C:\Users\Gaodig_Dev08\Desktop\抓包工具\Fiddler;C:\Users\Gaodig_Dev08\AppData\Local\Pandoc\;C:\Users\Gaodig_Dev08\AppData\Local\Microsoft\WindowsApps;C:\Users\Gaodig_Dev08\AppData\Roaming\npm;C:\libjpeg-turbo64\bin;
10 verbose lifecycle reactivity@1.0.0~server: CWD: G:\workspace\Atom\reactivity
11 silly lifecycle reactivity@1.0.0~server: Args: [ '/d /s /c', 'webpack-dev-server --open' ]
12 silly lifecycle reactivity@1.0.0~server: Returned: code: 1  signal: null
13 info lifecycle reactivity@1.0.0~server: Failed to exec server script
14 verbose stack Error: reactivity@1.0.0 server: `webpack-dev-server --open`
14 verbose stack Exit status 1
14 verbose stack     at EventEmitter.<anonymous> (C:\Users\Gaodig_Dev08\AppData\Roaming\npm\node_modules\npm\lib\utils\lifecycle.js:279:16)
14 verbose stack     at emitTwo (events.js:126:13)
14 verbose stack     at EventEmitter.emit (events.js:214:7)
14 verbose stack     at ChildProcess.<anonymous> (C:\Users\Gaodig_Dev08\AppData\Roaming\npm\node_modules\npm\lib\utils\spawn.js:40:14)
14 verbose stack     at emitTwo (events.js:126:13)
14 verbose stack     at ChildProcess.emit (events.js:214:7)
14 verbose stack     at maybeClose (internal/child_process.js:925:16)
14 verbose stack     at Process.ChildProcess._handle.onexit (internal/child_process.js:209:5)
15 verbose pkgid reactivity@1.0.0
16 verbose cwd G:\workspace\Atom\reactivity
17 error Windows_NT 10.0.16299
18 error argv "C:\\Program Files\\nodejs\\node.exe" "C:\\Users\\Gaodig_Dev08\\AppData\\Roaming\\npm\\node_modules\\npm\\bin\\npm-cli.js" "run" "server"
19 error node v8.9.4
20 error npm  v4.0.3
21 error code ELIFECYCLE
22 error reactivity@1.0.0 server: `webpack-dev-server --open`
22 error Exit status 1
23 error Failed at the reactivity@1.0.0 server script 'webpack-dev-server --open'.
23 error Make sure you have the latest version of node.js and npm installed.
23 error If you do, this is most likely a problem with the reactivity package,
23 error not with npm itself.
23 error Tell the author that this fails on your system:
23 error     webpack-dev-server --open
23 error You can get information on how to open an issue for this project with:
23 error     npm bugs reactivity
23 error Or if that isn't available, you can get their info via:
23 error     npm owner ls reactivity
23 error There is likely additional logging output above.
24 verbose exit [ 1, true ]
